{"event": "Starting FightcadeRank application", "logger": "__main__", "level": "info", "timestamp": "2024-12-08T07:12:48.413358Z"}
{"status_code": 200, "event": "Session initialized successfully", "logger": "src.api", "level": "info", "timestamp": "2024-12-08T07:12:48.589864Z"}
{"event": "ui_initialized", "logger": "src.ui", "level": "info", "timestamp": "2024-12-08T07:12:50.620197Z"}
{"username": "andy v", "event": "search_started", "logger": "src.ui", "level": "info", "timestamp": "2024-12-08T07:13:09.701609Z"}
{"message": "Checking if player exists...", "event": "Search progress update", "logger": "src.api", "level": "info", "timestamp": "2024-12-08T07:13:09.701609Z"}
{"username": "andy v", "event": "Fetching user information", "logger": "src.api", "level": "info", "timestamp": "2024-12-08T07:13:09.702609Z"}
{"message": "Player found, searching for ranking...", "event": "Search progress update", "logger": "src.api", "level": "info", "timestamp": "2024-12-08T07:13:10.040729Z"}
{"event": "cache_invalid", "logger": "src.cache", "level": "info", "timestamp": "2024-12-08T07:13:10.040729Z"}
{"message": "Searching...", "event": "Search progress update", "logger": "src.api", "level": "info", "timestamp": "2024-12-08T07:13:10.042362Z"}
{"offset": 0, "limit": 100, "event": "Searching rankings", "logger": "src.api", "level": "info", "timestamp": "2024-12-08T07:13:10.042362Z"}
{"event": "cache_expired_clearing", "logger": "src.cache", "level": "info", "timestamp": "2024-12-08T07:13:10.067868Z"}
{"new_count": 100, "total_count": 100, "event": "players_added_to_cache", "logger": "src.cache", "level": "info", "timestamp": "2024-12-08T07:13:10.067868Z"}
{"players_count": 100, "last_offset": 100, "event": "cache_saved", "logger": "src.cache", "level": "info", "timestamp": "2024-12-08T07:13:10.071820Z"}
{"message": "Searching...", "event": "Search progress update", "logger": "src.api", "level": "info", "timestamp": "2024-12-08T07:13:13.072751Z"}
{"offset": 100, "limit": 100, "event": "Searching rankings", "logger": "src.api", "level": "info", "timestamp": "2024-12-08T07:13:13.072751Z"}
{"new_count": 100, "total_count": 200, "event": "players_added_to_cache", "logger": "src.cache", "level": "info", "timestamp": "2024-12-08T07:13:13.097184Z"}
{"players_count": 200, "last_offset": 200, "event": "cache_saved", "logger": "src.cache", "level": "info", "timestamp": "2024-12-08T07:13:13.103443Z"}
{"message": "Searching...", "event": "Search progress update", "logger": "src.api", "level": "info", "timestamp": "2024-12-08T07:13:16.104041Z"}
{"offset": 200, "limit": 100, "event": "Searching rankings", "logger": "src.api", "level": "info", "timestamp": "2024-12-08T07:13:16.104041Z"}
{"new_count": 100, "total_count": 300, "event": "players_added_to_cache", "logger": "src.cache", "level": "info", "timestamp": "2024-12-08T07:13:16.138910Z"}
{"players_count": 300, "last_offset": 300, "event": "cache_saved", "logger": "src.cache", "level": "info", "timestamp": "2024-12-08T07:13:16.145686Z"}
{"message": "Searching...", "event": "Search progress update", "logger": "src.api", "level": "info", "timestamp": "2024-12-08T07:13:19.147774Z"}
{"offset": 300, "limit": 100, "event": "Searching rankings", "logger": "src.api", "level": "info", "timestamp": "2024-12-08T07:13:19.148310Z"}
{"new_count": 99, "total_count": 399, "event": "players_added_to_cache", "logger": "src.cache", "level": "info", "timestamp": "2024-12-08T07:13:19.182209Z"}
{"players_count": 399, "last_offset": 400, "event": "cache_saved", "logger": "src.cache", "level": "info", "timestamp": "2024-12-08T07:13:19.192621Z"}
{"message": "Found player at rank 357", "event": "Search progress update", "logger": "src.api", "level": "info", "timestamp": "2024-12-08T07:13:19.192621Z"}
{"page": 1, "total_pages": 1, "event": "rankings_displayed", "logger": "src.ui", "level": "info", "timestamp": "2024-12-08T07:13:19.200599Z"}
