{"event": "Starting FightcadeRank application", "logger": "__main__", "level": "info", "timestamp": "2024-12-08T07:43:14.627055Z"}
{"event": "ui_initialized", "logger": "src.ui", "level": "info", "timestamp": "2024-12-08T07:43:14.727051Z"}
{"username": "andy v", "event": "search_started", "logger": "src.ui", "level": "info", "timestamp": "2024-12-08T07:43:21.008267Z"}
{"status_code": 200, "event": "Session initialized successfully", "logger": "src.api", "level": "info", "timestamp": "2024-12-08T07:43:21.057823Z"}
{"message": "Checking if player exists...", "event": "Search progress update", "logger": "src.api", "level": "info", "timestamp": "2024-12-08T07:43:21.059331Z"}
{"username": "andy v", "event": "Fetching user information", "logger": "src.api", "level": "info", "timestamp": "2024-12-08T07:43:21.059331Z"}
{"message": "Player found, searching for ranking...", "event": "Search progress update", "logger": "src.api", "level": "info", "timestamp": "2024-12-08T07:43:21.088194Z"}
{"message": "Searching...", "event": "Search progress update", "logger": "src.api", "level": "info", "timestamp": "2024-12-08T07:43:21.088194Z"}
{"offset": 0, "limit": 100, "event": "Searching rankings", "logger": "src.api", "level": "info", "timestamp": "2024-12-08T07:43:21.088194Z"}
{"new_count": 100, "total_count": 100, "event": "players_added_to_cache", "logger": "src.cache", "level": "info", "timestamp": "2024-12-08T07:43:21.124160Z"}
{"message": "Searching...", "event": "Search progress update", "logger": "src.api", "level": "info", "timestamp": "2024-12-08T07:43:22.125051Z"}
{"offset": 100, "limit": 100, "event": "Searching rankings", "logger": "src.api", "level": "info", "timestamp": "2024-12-08T07:43:22.125051Z"}
{"new_count": 100, "total_count": 200, "event": "players_added_to_cache", "logger": "src.cache", "level": "info", "timestamp": "2024-12-08T07:43:22.545598Z"}
{"message": "Searching...", "event": "Search progress update", "logger": "src.api", "level": "info", "timestamp": "2024-12-08T07:43:23.546757Z"}
{"offset": 200, "limit": 100, "event": "Searching rankings", "logger": "src.api", "level": "info", "timestamp": "2024-12-08T07:43:23.546757Z"}
{"new_count": 100, "total_count": 300, "event": "players_added_to_cache", "logger": "src.cache", "level": "info", "timestamp": "2024-12-08T07:43:23.859231Z"}
{"message": "Searching...", "event": "Search progress update", "logger": "src.api", "level": "info", "timestamp": "2024-12-08T07:43:24.861148Z"}
{"offset": 300, "limit": 100, "event": "Searching rankings", "logger": "src.api", "level": "info", "timestamp": "2024-12-08T07:43:24.861148Z"}
{"new_count": 100, "total_count": 399, "event": "players_added_to_cache", "logger": "src.cache", "level": "info", "timestamp": "2024-12-08T07:43:25.288451Z"}
{"message": "Found player at rank 357", "event": "Search progress update", "logger": "src.api", "level": "info", "timestamp": "2024-12-08T07:43:25.288451Z"}
{"page": 1, "total_pages": 1, "event": "rankings_displayed", "logger": "src.ui", "level": "info", "timestamp": "2024-12-08T07:43:25.304504Z"}
