{"event": "Starting FightcadeRank application", "logger": "__main__", "level": "info", "timestamp": "2024-12-08T08:29:12.524432Z"}
{"event": "ui_initialized", "logger": "src.ui", "level": "info", "timestamp": "2024-12-08T08:29:12.615832Z"}
{"username": "andy v", "event": "search_started", "logger": "src.ui", "level": "info", "timestamp": "2024-12-08T08:29:17.456985Z"}
{"status_code": 200, "event": "Session initialized successfully", "logger": "src.api", "level": "info", "timestamp": "2024-12-08T08:29:17.508664Z"}
{"message": "Checking if player exists...", "event": "Search progress update", "logger": "src.api", "level": "info", "timestamp": "2024-12-08T08:29:17.508664Z"}
{"username": "andy v", "event": "Fetching user information", "logger": "src.api", "level": "info", "timestamp": "2024-12-08T08:29:17.510434Z"}
{"message": "Player found, searching for ranking...", "event": "Search progress update", "logger": "src.api", "level": "info", "timestamp": "2024-12-08T08:29:17.635119Z"}
{"message": "Searching...", "event": "Search progress update", "logger": "src.api", "level": "info", "timestamp": "2024-12-08T08:29:17.635119Z"}
{"offset": 0, "limit": 100, "event": "Searching rankings", "logger": "src.api", "level": "info", "timestamp": "2024-12-08T08:29:17.636204Z"}
{"new_count": 100, "total_count": 100, "event": "players_added_to_cache", "logger": "src.cache", "level": "info", "timestamp": "2024-12-08T08:29:17.660859Z"}
{"message": "Searching...", "event": "Search progress update", "logger": "src.api", "level": "info", "timestamp": "2024-12-08T08:29:18.162022Z"}
{"offset": 100, "limit": 100, "event": "Searching rankings", "logger": "src.api", "level": "info", "timestamp": "2024-12-08T08:29:18.162022Z"}
{"new_count": 100, "total_count": 200, "event": "players_added_to_cache", "logger": "src.cache", "level": "info", "timestamp": "2024-12-08T08:29:18.189018Z"}
{"message": "Searching...", "event": "Search progress update", "logger": "src.api", "level": "info", "timestamp": "2024-12-08T08:29:18.689457Z"}
{"offset": 200, "limit": 100, "event": "Searching rankings", "logger": "src.api", "level": "info", "timestamp": "2024-12-08T08:29:18.690011Z"}
{"new_count": 100, "total_count": 300, "event": "players_added_to_cache", "logger": "src.cache", "level": "info", "timestamp": "2024-12-08T08:29:18.718968Z"}
{"message": "Searching...", "event": "Search progress update", "logger": "src.api", "level": "info", "timestamp": "2024-12-08T08:29:19.221472Z"}
{"offset": 300, "limit": 100, "event": "Searching rankings", "logger": "src.api", "level": "info", "timestamp": "2024-12-08T08:29:19.221472Z"}
{"new_count": 100, "total_count": 399, "event": "players_added_to_cache", "logger": "src.cache", "level": "info", "timestamp": "2024-12-08T08:29:19.643055Z"}
{"message": "Found player at rank 357", "event": "Search progress update", "logger": "src.api", "level": "info", "timestamp": "2024-12-08T08:29:19.643055Z"}
{"page": 1, "total_pages": 1, "event": "rankings_displayed", "logger": "src.ui", "level": "info", "timestamp": "2024-12-08T08:29:19.655329Z"}
