{"event": "Starting FightcadeRank application", "logger": "__main__", "level": "info", "timestamp": "2024-12-08T15:49:40.480167Z"}
{"event": "ui_initialized", "logger": "src.ui", "level": "info", "timestamp": "2024-12-08T15:49:40.587591Z"}
{"event": "Cache cleared successfully", "logger": "src.cache", "level": "info", "timestamp": "2024-12-08T15:49:43.475144Z"}
{"event": "Replay stats cache cleared", "logger": "src.cache", "level": "info", "timestamp": "2024-12-08T15:49:43.476145Z"}
{"username": "andy v", "event": "search_started", "logger": "src.ui", "level": "info", "timestamp": "2024-12-08T15:49:48.856289Z"}
{"status_code": 200, "event": "Session initialized successfully", "logger": "src.api", "level": "info", "timestamp": "2024-12-08T15:49:48.943655Z"}
{"message": "Checking if player exists...", "event": "Search progress update", "logger": "src.api", "level": "info", "timestamp": "2024-12-08T15:49:48.943655Z"}
{"username": "andy v", "event": "Fetching user information", "logger": "src.api", "level": "info", "timestamp": "2024-12-08T15:49:48.943655Z"}
{"message": "Player found, searching for ranking...", "event": "Search progress update", "logger": "src.api", "level": "info", "timestamp": "2024-12-08T15:49:49.007651Z"}
{"message": "Starting parallel search with 5 workers...", "event": "Search progress update", "logger": "src.api", "level": "info", "timestamp": "2024-12-08T15:49:49.007651Z"}
{"message": "Searching page 1...", "event": "Search progress update", "logger": "src.api", "level": "info", "timestamp": "2024-12-08T15:49:49.009209Z"}
{"offset": 0, "limit": 100, "event": "Searching rankings", "logger": "src.api", "level": "info", "timestamp": "2024-12-08T15:49:49.009717Z"}
{"message": "Searching page 2...", "event": "Search progress update", "logger": "src.api", "level": "info", "timestamp": "2024-12-08T15:49:49.013805Z"}
{"message": "Searching page 3...", "event": "Search progress update", "logger": "src.api", "level": "info", "timestamp": "2024-12-08T15:49:49.013805Z"}
{"offset": 100, "limit": 100, "event": "Searching rankings", "logger": "src.api", "level": "info", "timestamp": "2024-12-08T15:49:49.013805Z"}
{"message": "Searching page 4...", "event": "Search progress update", "logger": "src.api", "level": "info", "timestamp": "2024-12-08T15:49:49.013805Z"}
{"offset": 200, "limit": 100, "event": "Searching rankings", "logger": "src.api", "level": "info", "timestamp": "2024-12-08T15:49:49.013805Z"}
{"message": "Searching page 5...", "event": "Search progress update", "logger": "src.api", "level": "info", "timestamp": "2024-12-08T15:49:49.013805Z"}
{"offset": 300, "limit": 100, "event": "Searching rankings", "logger": "src.api", "level": "info", "timestamp": "2024-12-08T15:49:49.015859Z"}
{"offset": 400, "limit": 100, "event": "Searching rankings", "logger": "src.api", "level": "info", "timestamp": "2024-12-08T15:49:49.016395Z"}
{"new_count": 100, "total_count": 200, "event": "players_added_to_cache", "logger": "src.cache", "level": "info", "timestamp": "2024-12-08T15:49:49.108236Z"}
{"new_count": 100, "total_count": 200, "event": "players_added_to_cache", "logger": "src.cache", "level": "info", "timestamp": "2024-12-08T15:49:49.108236Z"}
{"new_count": 100, "total_count": 300, "event": "players_added_to_cache", "logger": "src.cache", "level": "info", "timestamp": "2024-12-08T15:49:49.120554Z"}
{"new_count": 100, "total_count": 400, "event": "players_added_to_cache", "logger": "src.cache", "level": "info", "timestamp": "2024-12-08T15:49:49.129626Z"}
{"new_count": 100, "total_count": 499, "event": "players_added_to_cache", "logger": "src.cache", "level": "info", "timestamp": "2024-12-08T15:49:49.144640Z"}
{"message": "Searching page 6...", "event": "Search progress update", "logger": "src.api", "level": "info", "timestamp": "2024-12-08T15:49:49.147730Z"}
{"offset": 500, "limit": 100, "event": "Searching rankings", "logger": "src.api", "level": "info", "timestamp": "2024-12-08T15:49:49.147730Z"}
{"new_count": 100, "total_count": 598, "event": "players_added_to_cache", "logger": "src.cache", "level": "info", "timestamp": "2024-12-08T15:49:49.205163Z"}
{"message": "Found player at rank 356", "event": "Search progress update", "logger": "src.api", "level": "info", "timestamp": "2024-12-08T15:49:49.636753Z"}
{"page": 1, "total_pages": 1, "event": "rankings_displayed", "logger": "src.ui", "level": "info", "timestamp": "2024-12-08T15:49:49.650477Z"}
